[debug] [2024-09-10T15:19:43.264Z] ----------------------------------------------------------------------
[debug] [2024-09-10T15:19:43.265Z] Command:       /usr/bin/node /usr/bin/firebase emulators:start --project analyst-server
[debug] [2024-09-10T15:19:43.266Z] CLI Version:   13.16.0
[debug] [2024-09-10T15:19:43.266Z] Platform:      linux
[debug] [2024-09-10T15:19:43.266Z] Node Version:  v18.20.4
[debug] [2024-09-10T15:19:43.266Z] Time:          Tue Sep 10 2024 10:19:43 GMT-0500 (Central Daylight Time)
[debug] [2024-09-10T15:19:43.266Z] ----------------------------------------------------------------------
[debug] 
[debug] [2024-09-10T15:19:43.324Z] > command requires scopes: ["email","openid","https://www.googleapis.com/auth/cloudplatformprojects.readonly","https://www.googleapis.com/auth/firebase","https://www.googleapis.com/auth/cloud-platform"]
[debug] [2024-09-10T15:19:43.325Z] > authorizing via signed-in user (robert@redshirt.info)
[debug] [2024-09-10T15:19:43.353Z] openjdk version "17.0.12" 2024-07-16
OpenJDK Runtime Environment (build 17.0.12+7-Debian-2deb12u1)

[debug] [2024-09-10T15:19:43.354Z] OpenJDK 64-Bit Server VM (build 17.0.12+7-Debian-2deb12u1, mixed mode, sharing)

[debug] [2024-09-10T15:19:43.370Z] Parsed Java major version: 17
[info] i  emulators: Starting emulators: auth, functions, firestore, database, hosting, storage {"metadata":{"emulator":{"name":"hub"},"message":"Starting emulators: auth, functions, firestore, database, hosting, storage"}}
[warn] ⚠  hosting: The hosting emulator is configured but there is no hosting configuration. Have you run firebase init hosting? {"metadata":{"emulator":{"name":"hosting"},"message":"The hosting emulator is configured but there is no hosting configuration. Have you run \u001b[1mfirebase init hosting\u001b[22m?"}}
[debug] [2024-09-10T15:19:43.376Z] [logging] Logging Emulator only supports listening on one address (127.0.0.1). Not listening on ::1
[debug] [2024-09-10T15:19:43.376Z] [auth] Authentication Emulator only supports listening on one address (127.0.0.1). Not listening on ::1
[debug] [2024-09-10T15:19:43.377Z] [firestore] Firestore Emulator only supports listening on one address (127.0.0.1). Not listening on ::1
[debug] [2024-09-10T15:19:43.377Z] [firestore.websocket] websocket server for firestore only supports listening on one address (127.0.0.1). Not listening on ::1
[debug] [2024-09-10T15:19:43.377Z] [database] Database Emulator only supports listening on one address (127.0.0.1). Not listening on ::1
[debug] [2024-09-10T15:19:43.377Z] [storage] Storage Emulator only supports listening on one address (127.0.0.1). Not listening on ::1
[debug] [2024-09-10T15:19:43.377Z] assigned listening specs for emulators {"user":{"hub":[{"address":"127.0.0.1","family":"IPv4","port":4400},{"address":"::1","family":"IPv6","port":4400}],"ui":[{"address":"127.0.0.1","family":"IPv4","port":4000},{"address":"::1","family":"IPv6","port":4000}],"logging":[{"address":"127.0.0.1","family":"IPv4","port":4500}],"auth":[{"address":"127.0.0.1","family":"IPv4","port":9099}],"firestore":[{"address":"127.0.0.1","family":"IPv4","port":8080}],"firestore.websocket":[{"address":"127.0.0.1","family":"IPv4","port":9150}],"database":[{"address":"127.0.0.1","family":"IPv4","port":9000}],"storage":[{"address":"127.0.0.1","family":"IPv4","port":9199}]},"metadata":{"message":"assigned listening specs for emulators"}}
[debug] [2024-09-10T15:19:43.380Z] [hub] writing locator at /tmp/hub-analyst-server.json
[warn] ⚠  functions: The functions emulator is configured but there is no functions source directory. Have you run firebase init functions? {"metadata":{"emulator":{"name":"functions"},"message":"The functions emulator is configured but there is no functions source directory. Have you run \u001b[1mfirebase init functions\u001b[22m?"}}
[info] i  firestore: downloading cloud-firestore-emulator-v1.19.8.jar... {"metadata":{"emulator":{"name":"firestore"},"message":"downloading cloud-firestore-emulator-v1.19.8.jar..."}}
[debug] [2024-09-10T15:19:43.389Z] >>> [apiv2][query] GET https://storage.googleapis.com/firebase-preview-drop/emulator/cloud-firestore-emulator-v1.19.8.jar 
[debug] [2024-09-10T15:19:43.511Z] <<< [apiv2][status] GET https://storage.googleapis.com/firebase-preview-drop/emulator/cloud-firestore-emulator-v1.19.8.jar 200
[debug] [2024-09-10T15:19:43.511Z] <<< [apiv2][body] GET https://storage.googleapis.com/firebase-preview-drop/emulator/cloud-firestore-emulator-v1.19.8.jar [stream]
[debug] [2024-09-10T15:19:48.878Z] Ignoring unsupported arg: auto_download {"metadata":{"emulator":{"name":"firestore"},"message":"Ignoring unsupported arg: auto_download"}}
[debug] [2024-09-10T15:19:48.878Z] Ignoring unsupported arg: single_project_mode_error {"metadata":{"emulator":{"name":"firestore"},"message":"Ignoring unsupported arg: single_project_mode_error"}}
[debug] [2024-09-10T15:19:48.878Z] Starting Firestore Emulator with command {"binary":"java","args":["-Dgoogle.cloud_firestore.debug_log_level=FINE","-Duser.language=en","-jar","/home/user/.cache/firebase/emulators/cloud-firestore-emulator-v1.19.8.jar","--host","127.0.0.1","--port",8080,"--websocket_port",9150,"--project_id","analyst-server","--rules","/home/user/work/redshirt/code/firestore.rules","--single_project_mode",true],"optionalArgs":["port","webchannel_port","host","rules","websocket_port","functions_emulator","seed_from_export","project_id","single_project_mode"],"joinArgs":false,"shell":false} {"metadata":{"emulator":{"name":"firestore"},"message":"Starting Firestore Emulator with command {\"binary\":\"java\",\"args\":[\"-Dgoogle.cloud_firestore.debug_log_level=FINE\",\"-Duser.language=en\",\"-jar\",\"/home/user/.cache/firebase/emulators/cloud-firestore-emulator-v1.19.8.jar\",\"--host\",\"127.0.0.1\",\"--port\",8080,\"--websocket_port\",9150,\"--project_id\",\"analyst-server\",\"--rules\",\"/home/user/work/redshirt/code/firestore.rules\",\"--single_project_mode\",true],\"optionalArgs\":[\"port\",\"webchannel_port\",\"host\",\"rules\",\"websocket_port\",\"functions_emulator\",\"seed_from_export\",\"project_id\",\"single_project_mode\"],\"joinArgs\":false,\"shell\":false}"}}
[info] i  firestore: Firestore Emulator logging to firestore-debug.log {"metadata":{"emulator":{"name":"firestore"},"message":"Firestore Emulator logging to \u001b[1mfirestore-debug.log\u001b[22m"}}
[debug] [2024-09-10T15:19:49.650Z] Sep 10, 2024 10:19:49 AM com.google.cloud.datastore.emulator.firestore.websocket.WebSocketServer start
INFO: Started WebSocket server on ws://127.0.0.1:9150
 {"metadata":{"emulator":{"name":"firestore"},"message":"Sep 10, 2024 10:19:49 AM com.google.cloud.datastore.emulator.firestore.websocket.WebSocketServer start\nINFO: Started WebSocket server on ws://127.0.0.1:9150\n"}}
[debug] [2024-09-10T15:19:49.671Z] API endpoint: http://127.0.0.1:8080
If you are using a library that supports the FIRESTORE_EMULATOR_HOST environment variable, run:

   export FIRESTORE_EMULATOR_HOST=127.0.0.1:8080

If you are running a Firestore in Datastore Mode project, run:

   export DATASTORE_EMULATOR_HOST=127.0.0.1:8080

Note: Support for Datastore Mode is in preview. If you encounter any bugs please file at https://github.com/firebase/firebase-tools/issues.
Dev App Server is now running.

 {"metadata":{"emulator":{"name":"firestore"},"message":"API endpoint: http://127.0.0.1:8080\nIf you are using a library that supports the FIRESTORE_EMULATOR_HOST environment variable, run:\n\n   export FIRESTORE_EMULATOR_HOST=127.0.0.1:8080\n\nIf you are running a Firestore in Datastore Mode project, run:\n\n   export DATASTORE_EMULATOR_HOST=127.0.0.1:8080\n\nNote: Support for Datastore Mode is in preview. If you encounter any bugs please file at https://github.com/firebase/firebase-tools/issues.\nDev App Server is now running.\n\n"}}
[info] ✔  firestore: Firestore Emulator UI websocket is running on 9150. {"metadata":{"emulator":{"name":"firestore"},"message":"Firestore Emulator UI websocket is running on 9150."}}
[debug] [2024-09-10T15:19:49.691Z] >>> [apiv2][query] GET https://firebase.googleapis.com/v1beta1/projects/analyst-server [none]
[debug] [2024-09-10T15:19:49.886Z] <<< [apiv2][status] GET https://firebase.googleapis.com/v1beta1/projects/analyst-server 200
[debug] [2024-09-10T15:19:49.886Z] <<< [apiv2][body] GET https://firebase.googleapis.com/v1beta1/projects/analyst-server {"projectId":"analyst-server","projectNumber":"727308999536","displayName":"Analyst Server","name":"projects/analyst-server","resources":{"hostingSite":"analyst-server","storageBucket":"analyst-server.appspot.com","locationId":"us-central"},"state":"ACTIVE","etag":"1_437d775f-0569-41cd-95dd-9c50c804d65d"}
[debug] [2024-09-10T15:19:49.887Z] database rules config:  []
[warn] ⚠  database: Did not find a Realtime Database rules file specified in a firebase.json config file. The emulator will default to allowing all reads and writes. Learn more about this option: https://firebase.google.com/docs/emulator-suite/install_and_configure#security_rules_configuration. {"metadata":{"emulator":{"name":"database"},"message":"Did not find a Realtime Database rules file specified in a firebase.json config file. The emulator will default to allowing all reads and writes. Learn more about this option: https://firebase.google.com/docs/emulator-suite/install_and_configure#security_rules_configuration."}}
[info] i  database: downloading firebase-database-emulator-v4.11.2.jar... {"metadata":{"emulator":{"name":"database"},"message":"downloading firebase-database-emulator-v4.11.2.jar..."}}
[debug] [2024-09-10T15:19:49.888Z] >>> [apiv2][query] GET https://storage.googleapis.com/firebase-preview-drop/emulator/firebase-database-emulator-v4.11.2.jar 
[debug] [2024-09-10T15:19:49.996Z] <<< [apiv2][status] GET https://storage.googleapis.com/firebase-preview-drop/emulator/firebase-database-emulator-v4.11.2.jar 200
[debug] [2024-09-10T15:19:49.997Z] <<< [apiv2][body] GET https://storage.googleapis.com/firebase-preview-drop/emulator/firebase-database-emulator-v4.11.2.jar [stream]
[debug] [2024-09-10T15:19:53.292Z] Ignoring unsupported arg: projectId {"metadata":{"emulator":{"name":"database"},"message":"Ignoring unsupported arg: projectId"}}
[debug] [2024-09-10T15:19:53.292Z] Ignoring unsupported arg: auto_download {"metadata":{"emulator":{"name":"database"},"message":"Ignoring unsupported arg: auto_download"}}
[debug] [2024-09-10T15:19:53.292Z] Ignoring unsupported arg: rules {"metadata":{"emulator":{"name":"database"},"message":"Ignoring unsupported arg: rules"}}
[debug] [2024-09-10T15:19:53.292Z] Starting Database Emulator with command {"binary":"java","args":["-Duser.language=en","-jar","/home/user/.cache/firebase/emulators/firebase-database-emulator-v4.11.2.jar","--host","127.0.0.1","--port",9000,"--single_project_mode","Warning"],"optionalArgs":["port","host","functions_emulator_port","functions_emulator_host","single_project_mode"],"joinArgs":false,"shell":false} {"metadata":{"emulator":{"name":"database"},"message":"Starting Database Emulator with command {\"binary\":\"java\",\"args\":[\"-Duser.language=en\",\"-jar\",\"/home/user/.cache/firebase/emulators/firebase-database-emulator-v4.11.2.jar\",\"--host\",\"127.0.0.1\",\"--port\",9000,\"--single_project_mode\",\"Warning\"],\"optionalArgs\":[\"port\",\"host\",\"functions_emulator_port\",\"functions_emulator_host\",\"single_project_mode\"],\"joinArgs\":false,\"shell\":false}"}}
[info] i  database: Database Emulator logging to database-debug.log {"metadata":{"emulator":{"name":"database"},"message":"Database Emulator logging to \u001b[1mdatabase-debug.log\u001b[22m"}}
[debug] [2024-09-10T15:19:54.031Z] 10:19:54.029 [NamespaceSystem-akka.actor.default-dispatcher-5] INFO akka.event.slf4j.Slf4jLogger - Slf4jLogger started
 {"metadata":{"emulator":{"name":"database"},"message":"10:19:54.029 [NamespaceSystem-akka.actor.default-dispatcher-5] INFO akka.event.slf4j.Slf4jLogger - Slf4jLogger started\n"}}
[debug] [2024-09-10T15:19:54.158Z] 10:19:54.157 [main] INFO com.firebase.server.forge.App$ - Listening at 127.0.0.1:9000
 {"metadata":{"emulator":{"name":"database"},"message":"10:19:54.157 [main] INFO com.firebase.server.forge.App$ - Listening at 127.0.0.1:9000\n"}}
[info] i  storage: downloading cloud-storage-rules-runtime-v1.1.3.jar... {"metadata":{"emulator":{"name":"storage"},"message":"downloading cloud-storage-rules-runtime-v1.1.3.jar..."}}
[debug] [2024-09-10T15:19:59.702Z] >>> [apiv2][query] GET https://storage.googleapis.com/firebase-preview-drop/emulator/cloud-storage-rules-runtime-v1.1.3.jar 
[debug] [2024-09-10T15:19:59.799Z] <<< [apiv2][status] GET https://storage.googleapis.com/firebase-preview-drop/emulator/cloud-storage-rules-runtime-v1.1.3.jar 200
[debug] [2024-09-10T15:19:59.799Z] <<< [apiv2][body] GET https://storage.googleapis.com/firebase-preview-drop/emulator/cloud-storage-rules-runtime-v1.1.3.jar [stream]
[debug] [2024-09-10T15:20:04.103Z] Ignoring unsupported arg: port {"metadata":{"emulator":{"name":"storage"},"message":"Ignoring unsupported arg: port"}}
[debug] [2024-09-10T15:20:04.672Z] Temp file directory for storage emulator: /tmp/firebase/storage/blobs {"metadata":{"emulator":{"name":"storage"},"message":"Temp file directory for storage emulator: /tmp/firebase/storage/blobs"}}
[info] i  ui: downloading ui-v1.13.0.zip... {"metadata":{"emulator":{"name":"ui"},"message":"downloading ui-v1.13.0.zip..."}}
[debug] [2024-09-10T15:20:04.679Z] >>> [apiv2][query] GET https://storage.googleapis.com/firebase-preview-drop/emulator/ui-v1.13.0.zip 
[debug] [2024-09-10T15:20:04.825Z] <<< [apiv2][status] GET https://storage.googleapis.com/firebase-preview-drop/emulator/ui-v1.13.0.zip 200
[debug] [2024-09-10T15:20:04.825Z] <<< [apiv2][body] GET https://storage.googleapis.com/firebase-preview-drop/emulator/ui-v1.13.0.zip [stream]
[debug] [2024-09-10T15:20:05.173Z] Data is 3605485
[debug] [2024-09-10T15:20:05.173Z] [unzip] Entry: client/ (compressed_size=0 bytes, uncompressed_size=0 bytes)
[debug] [2024-09-10T15:20:05.173Z] [unzip] Processing entry: client/
[debug] [2024-09-10T15:20:05.173Z] [unzip] mkdir: /home/user/.cache/firebase/emulators/ui-v1.13.0/client/
[debug] [2024-09-10T15:20:05.174Z] [unzip] Entry: client/favicon-16x16.png (compressed_size=293 bytes, uncompressed_size=293 bytes)
[debug] [2024-09-10T15:20:05.174Z] [unzip] Processing entry: client/favicon-16x16.png
[debug] [2024-09-10T15:20:05.174Z] [unzip] else mkdir: /home/user/.cache/firebase/emulators/ui-v1.13.0/client
[debug] [2024-09-10T15:20:05.174Z] [unzip] Writing file: /home/user/.cache/firebase/emulators/ui-v1.13.0/client/favicon-16x16.png
[debug] [2024-09-10T15:20:05.175Z] [unzip] Entry: client/safari-pinned-tab.svg (compressed_size=1433 bytes, uncompressed_size=2611 bytes)
[debug] [2024-09-10T15:20:05.175Z] [unzip] Processing entry: client/safari-pinned-tab.svg
[debug] [2024-09-10T15:20:05.175Z] [unzip] else mkdir: /home/user/.cache/firebase/emulators/ui-v1.13.0/client
[debug] [2024-09-10T15:20:05.175Z] [unzip] deflating: /home/user/.cache/firebase/emulators/ui-v1.13.0/client/safari-pinned-tab.svg
[debug] [2024-09-10T15:20:05.178Z] [unzip] Entry: client/favicon.ico (compressed_size=2933 bytes, uncompressed_size=13294 bytes)
[debug] [2024-09-10T15:20:05.178Z] [unzip] Processing entry: client/favicon.ico
[debug] [2024-09-10T15:20:05.178Z] [unzip] else mkdir: /home/user/.cache/firebase/emulators/ui-v1.13.0/client
[debug] [2024-09-10T15:20:05.178Z] [unzip] deflating: /home/user/.cache/firebase/emulators/ui-v1.13.0/client/favicon.ico
[debug] [2024-09-10T15:20:05.179Z] [unzip] Entry: client/index.html (compressed_size=1361 bytes, uncompressed_size=3071 bytes)
[debug] [2024-09-10T15:20:05.179Z] [unzip] Processing entry: client/index.html
[debug] [2024-09-10T15:20:05.179Z] [unzip] else mkdir: /home/user/.cache/firebase/emulators/ui-v1.13.0/client
[debug] [2024-09-10T15:20:05.180Z] [unzip] deflating: /home/user/.cache/firebase/emulators/ui-v1.13.0/client/index.html
[debug] [2024-09-10T15:20:05.181Z] [unzip] Entry: client/android-chrome-192x192.png (compressed_size=2684 bytes, uncompressed_size=2684 bytes)
[debug] [2024-09-10T15:20:05.181Z] [unzip] Processing entry: client/android-chrome-192x192.png
[debug] [2024-09-10T15:20:05.181Z] [unzip] else mkdir: /home/user/.cache/firebase/emulators/ui-v1.13.0/client
[debug] [2024-09-10T15:20:05.181Z] [unzip] Writing file: /home/user/.cache/firebase/emulators/ui-v1.13.0/client/android-chrome-192x192.png
[debug] [2024-09-10T15:20:05.181Z] [unzip] Entry: client/apple-touch-icon.png (compressed_size=2123 bytes, uncompressed_size=2152 bytes)
[debug] [2024-09-10T15:20:05.181Z] [unzip] Processing entry: client/apple-touch-icon.png
[debug] [2024-09-10T15:20:05.182Z] [unzip] else mkdir: /home/user/.cache/firebase/emulators/ui-v1.13.0/client
[debug] [2024-09-10T15:20:05.182Z] [unzip] deflating: /home/user/.cache/firebase/emulators/ui-v1.13.0/client/apple-touch-icon.png
[debug] [2024-09-10T15:20:05.183Z] [unzip] Entry: client/android-chrome-512x512.png (compressed_size=5369 bytes, uncompressed_size=5411 bytes)
[debug] [2024-09-10T15:20:05.183Z] [unzip] Processing entry: client/android-chrome-512x512.png
[debug] [2024-09-10T15:20:05.183Z] [unzip] else mkdir: /home/user/.cache/firebase/emulators/ui-v1.13.0/client
[debug] [2024-09-10T15:20:05.183Z] [unzip] deflating: /home/user/.cache/firebase/emulators/ui-v1.13.0/client/android-chrome-512x512.png
[debug] [2024-09-10T15:20:05.183Z] [unzip] Entry: client/manifest.json (compressed_size=245 bytes, uncompressed_size=551 bytes)
[debug] [2024-09-10T15:20:05.183Z] [unzip] Processing entry: client/manifest.json
[debug] [2024-09-10T15:20:05.183Z] [unzip] else mkdir: /home/user/.cache/firebase/emulators/ui-v1.13.0/client
[debug] [2024-09-10T15:20:05.184Z] [unzip] deflating: /home/user/.cache/firebase/emulators/ui-v1.13.0/client/manifest.json
[debug] [2024-09-10T15:20:05.184Z] [unzip] Entry: client/robots.txt (compressed_size=26 bytes, uncompressed_size=26 bytes)
[debug] [2024-09-10T15:20:05.184Z] [unzip] Processing entry: client/robots.txt
[debug] [2024-09-10T15:20:05.184Z] [unzip] else mkdir: /home/user/.cache/firebase/emulators/ui-v1.13.0/client
[debug] [2024-09-10T15:20:05.184Z] [unzip] Writing file: /home/user/.cache/firebase/emulators/ui-v1.13.0/client/robots.txt
[debug] [2024-09-10T15:20:05.185Z] [unzip] Entry: client/mstile-150x150.png (compressed_size=2034 bytes, uncompressed_size=2034 bytes)
[debug] [2024-09-10T15:20:05.185Z] [unzip] Processing entry: client/mstile-150x150.png
[debug] [2024-09-10T15:20:05.185Z] [unzip] else mkdir: /home/user/.cache/firebase/emulators/ui-v1.13.0/client
[debug] [2024-09-10T15:20:05.185Z] [unzip] Writing file: /home/user/.cache/firebase/emulators/ui-v1.13.0/client/mstile-150x150.png
[debug] [2024-09-10T15:20:05.185Z] [unzip] Entry: client/assets/ (compressed_size=0 bytes, uncompressed_size=0 bytes)
[debug] [2024-09-10T15:20:05.185Z] [unzip] Processing entry: client/assets/
[debug] [2024-09-10T15:20:05.185Z] [unzip] mkdir: /home/user/.cache/firebase/emulators/ui-v1.13.0/client/assets/
[debug] [2024-09-10T15:20:05.185Z] [unzip] Entry: client/assets/index-I-mhtQda.js.map (compressed_size=2322562 bytes, uncompressed_size=9922747 bytes)
[debug] [2024-09-10T15:20:05.185Z] [unzip] Processing entry: client/assets/index-I-mhtQda.js.map
[debug] [2024-09-10T15:20:05.185Z] [unzip] else mkdir: /home/user/.cache/firebase/emulators/ui-v1.13.0/client/assets
[debug] [2024-09-10T15:20:05.186Z] [unzip] deflating: /home/user/.cache/firebase/emulators/ui-v1.13.0/client/assets/index-I-mhtQda.js.map
[debug] [2024-09-10T15:20:05.228Z] [unzip] Entry: client/assets/index-BdgySamB.css (compressed_size=35979 bytes, uncompressed_size=298654 bytes)
[debug] [2024-09-10T15:20:05.229Z] [unzip] Processing entry: client/assets/index-BdgySamB.css
[debug] [2024-09-10T15:20:05.229Z] [unzip] else mkdir: /home/user/.cache/firebase/emulators/ui-v1.13.0/client/assets
[debug] [2024-09-10T15:20:05.229Z] [unzip] deflating: /home/user/.cache/firebase/emulators/ui-v1.13.0/client/assets/index-BdgySamB.css
[debug] [2024-09-10T15:20:05.231Z] [unzip] Entry: client/assets/index-I-mhtQda.js (compressed_size=565968 bytes, uncompressed_size=2030855 bytes)
[debug] [2024-09-10T15:20:05.231Z] [unzip] Processing entry: client/assets/index-I-mhtQda.js
[debug] [2024-09-10T15:20:05.231Z] [unzip] else mkdir: /home/user/.cache/firebase/emulators/ui-v1.13.0/client/assets
[debug] [2024-09-10T15:20:05.231Z] [unzip] deflating: /home/user/.cache/firebase/emulators/ui-v1.13.0/client/assets/index-I-mhtQda.js
[debug] [2024-09-10T15:20:05.242Z] [unzip] Entry: client/assets/extensions/ (compressed_size=0 bytes, uncompressed_size=0 bytes)
[debug] [2024-09-10T15:20:05.242Z] [unzip] Processing entry: client/assets/extensions/
[debug] [2024-09-10T15:20:05.242Z] [unzip] mkdir: /home/user/.cache/firebase/emulators/ui-v1.13.0/client/assets/extensions/
[debug] [2024-09-10T15:20:05.242Z] [unzip] Entry: client/assets/extensions/default-extension.png (compressed_size=1646 bytes, uncompressed_size=1657 bytes)
[debug] [2024-09-10T15:20:05.242Z] [unzip] Processing entry: client/assets/extensions/default-extension.png
[debug] [2024-09-10T15:20:05.242Z] [unzip] else mkdir: /home/user/.cache/firebase/emulators/ui-v1.13.0/client/assets/extensions
[debug] [2024-09-10T15:20:05.242Z] [unzip] deflating: /home/user/.cache/firebase/emulators/ui-v1.13.0/client/assets/extensions/default-extension.png
[debug] [2024-09-10T15:20:05.243Z] [unzip] Entry: client/assets/img/ (compressed_size=0 bytes, uncompressed_size=0 bytes)
[debug] [2024-09-10T15:20:05.243Z] [unzip] Processing entry: client/assets/img/
[debug] [2024-09-10T15:20:05.243Z] [unzip] mkdir: /home/user/.cache/firebase/emulators/ui-v1.13.0/client/assets/img/
[debug] [2024-09-10T15:20:05.243Z] [unzip] Entry: client/assets/img/database.png (compressed_size=29449 bytes, uncompressed_size=29988 bytes)
[debug] [2024-09-10T15:20:05.243Z] [unzip] Processing entry: client/assets/img/database.png
[debug] [2024-09-10T15:20:05.243Z] [unzip] else mkdir: /home/user/.cache/firebase/emulators/ui-v1.13.0/client/assets/img
[debug] [2024-09-10T15:20:05.243Z] [unzip] deflating: /home/user/.cache/firebase/emulators/ui-v1.13.0/client/assets/img/database.png
[debug] [2024-09-10T15:20:05.244Z] [unzip] Entry: client/assets/provider-icons/ (compressed_size=0 bytes, uncompressed_size=0 bytes)
[debug] [2024-09-10T15:20:05.244Z] [unzip] Processing entry: client/assets/provider-icons/
[debug] [2024-09-10T15:20:05.244Z] [unzip] mkdir: /home/user/.cache/firebase/emulators/ui-v1.13.0/client/assets/provider-icons/
[debug] [2024-09-10T15:20:05.244Z] [unzip] Entry: client/assets/provider-icons/auth_service_saml.svg (compressed_size=575 bytes, uncompressed_size=1226 bytes)
[debug] [2024-09-10T15:20:05.244Z] [unzip] Processing entry: client/assets/provider-icons/auth_service_saml.svg
[debug] [2024-09-10T15:20:05.244Z] [unzip] else mkdir: /home/user/.cache/firebase/emulators/ui-v1.13.0/client/assets/provider-icons
[debug] [2024-09-10T15:20:05.244Z] [unzip] deflating: /home/user/.cache/firebase/emulators/ui-v1.13.0/client/assets/provider-icons/auth_service_saml.svg
[debug] [2024-09-10T15:20:05.245Z] [unzip] Entry: client/assets/provider-icons/auth_service_phone.svg (compressed_size=261 bytes, uncompressed_size=414 bytes)
[debug] [2024-09-10T15:20:05.245Z] [unzip] Processing entry: client/assets/provider-icons/auth_service_phone.svg
[debug] [2024-09-10T15:20:05.245Z] [unzip] else mkdir: /home/user/.cache/firebase/emulators/ui-v1.13.0/client/assets/provider-icons
[debug] [2024-09-10T15:20:05.246Z] [unzip] deflating: /home/user/.cache/firebase/emulators/ui-v1.13.0/client/assets/provider-icons/auth_service_phone.svg
[debug] [2024-09-10T15:20:05.246Z] [unzip] Entry: client/assets/provider-icons/auth_service_facebook.svg (compressed_size=289 bytes, uncompressed_size=457 bytes)
[debug] [2024-09-10T15:20:05.246Z] [unzip] Processing entry: client/assets/provider-icons/auth_service_facebook.svg
[debug] [2024-09-10T15:20:05.246Z] [unzip] else mkdir: /home/user/.cache/firebase/emulators/ui-v1.13.0/client/assets/provider-icons
[debug] [2024-09-10T15:20:05.246Z] [unzip] deflating: /home/user/.cache/firebase/emulators/ui-v1.13.0/client/assets/provider-icons/auth_service_facebook.svg
[debug] [2024-09-10T15:20:05.247Z] [unzip] Entry: client/assets/provider-icons/auth_service_game_center.svg (compressed_size=991 bytes, uncompressed_size=3921 bytes)
[debug] [2024-09-10T15:20:05.247Z] [unzip] Processing entry: client/assets/provider-icons/auth_service_game_center.svg
[debug] [2024-09-10T15:20:05.247Z] [unzip] else mkdir: /home/user/.cache/firebase/emulators/ui-v1.13.0/client/assets/provider-icons
[debug] [2024-09-10T15:20:05.247Z] [unzip] deflating: /home/user/.cache/firebase/emulators/ui-v1.13.0/client/assets/provider-icons/auth_service_game_center.svg
[debug] [2024-09-10T15:20:05.247Z] [unzip] Entry: client/assets/provider-icons/auth_service_apple.svg (compressed_size=230 bytes, uncompressed_size=334 bytes)
[debug] [2024-09-10T15:20:05.247Z] [unzip] Processing entry: client/assets/provider-icons/auth_service_apple.svg
[debug] [2024-09-10T15:20:05.247Z] [unzip] else mkdir: /home/user/.cache/firebase/emulators/ui-v1.13.0/client/assets/provider-icons
[debug] [2024-09-10T15:20:05.247Z] [unzip] deflating: /home/user/.cache/firebase/emulators/ui-v1.13.0/client/assets/provider-icons/auth_service_apple.svg
[debug] [2024-09-10T15:20:05.248Z] [unzip] Entry: client/assets/provider-icons/auth_service_github.svg (compressed_size=466 bytes, uncompressed_size=838 bytes)
[debug] [2024-09-10T15:20:05.248Z] [unzip] Processing entry: client/assets/provider-icons/auth_service_github.svg
[debug] [2024-09-10T15:20:05.248Z] [unzip] else mkdir: /home/user/.cache/firebase/emulators/ui-v1.13.0/client/assets/provider-icons
[debug] [2024-09-10T15:20:05.248Z] [unzip] deflating: /home/user/.cache/firebase/emulators/ui-v1.13.0/client/assets/provider-icons/auth_service_github.svg
[debug] [2024-09-10T15:20:05.249Z] [unzip] Entry: client/assets/provider-icons/auth_service_mslive.svg (compressed_size=203 bytes, uncompressed_size=378 bytes)
[debug] [2024-09-10T15:20:05.249Z] [unzip] Processing entry: client/assets/provider-icons/auth_service_mslive.svg
[debug] [2024-09-10T15:20:05.249Z] [unzip] else mkdir: /home/user/.cache/firebase/emulators/ui-v1.13.0/client/assets/provider-icons
[debug] [2024-09-10T15:20:05.249Z] [unzip] deflating: /home/user/.cache/firebase/emulators/ui-v1.13.0/client/assets/provider-icons/auth_service_mslive.svg
[debug] [2024-09-10T15:20:05.249Z] [unzip] Entry: client/assets/provider-icons/auth_service_yahoo.svg (compressed_size=577 bytes, uncompressed_size=1182 bytes)
[debug] [2024-09-10T15:20:05.249Z] [unzip] Processing entry: client/assets/provider-icons/auth_service_yahoo.svg
[debug] [2024-09-10T15:20:05.249Z] [unzip] else mkdir: /home/user/.cache/firebase/emulators/ui-v1.13.0/client/assets/provider-icons
[debug] [2024-09-10T15:20:05.249Z] [unzip] deflating: /home/user/.cache/firebase/emulators/ui-v1.13.0/client/assets/provider-icons/auth_service_yahoo.svg
[debug] [2024-09-10T15:20:05.250Z] [unzip] Entry: client/assets/provider-icons/auth_service_twitter.svg (compressed_size=444 bytes, uncompressed_size=751 bytes)
[debug] [2024-09-10T15:20:05.250Z] [unzip] Processing entry: client/assets/provider-icons/auth_service_twitter.svg
[debug] [2024-09-10T15:20:05.250Z] [unzip] else mkdir: /home/user/.cache/firebase/emulators/ui-v1.13.0/client/assets/provider-icons
[debug] [2024-09-10T15:20:05.250Z] [unzip] deflating: /home/user/.cache/firebase/emulators/ui-v1.13.0/client/assets/provider-icons/auth_service_twitter.svg
[debug] [2024-09-10T15:20:05.250Z] [unzip] Entry: client/assets/provider-icons/auth_service_play_games.svg (compressed_size=565 bytes, uncompressed_size=1173 bytes)
[debug] [2024-09-10T15:20:05.250Z] [unzip] Processing entry: client/assets/provider-icons/auth_service_play_games.svg
[debug] [2024-09-10T15:20:05.251Z] [unzip] else mkdir: /home/user/.cache/firebase/emulators/ui-v1.13.0/client/assets/provider-icons
[debug] [2024-09-10T15:20:05.251Z] [unzip] deflating: /home/user/.cache/firebase/emulators/ui-v1.13.0/client/assets/provider-icons/auth_service_play_games.svg
[debug] [2024-09-10T15:20:05.251Z] [unzip] Entry: client/assets/provider-icons/auth_service_email.svg (compressed_size=228 bytes, uncompressed_size=326 bytes)
[debug] [2024-09-10T15:20:05.251Z] [unzip] Processing entry: client/assets/provider-icons/auth_service_email.svg
[debug] [2024-09-10T15:20:05.251Z] [unzip] else mkdir: /home/user/.cache/firebase/emulators/ui-v1.13.0/client/assets/provider-icons
[debug] [2024-09-10T15:20:05.251Z] [unzip] deflating: /home/user/.cache/firebase/emulators/ui-v1.13.0/client/assets/provider-icons/auth_service_email.svg
[debug] [2024-09-10T15:20:05.252Z] [unzip] Entry: client/assets/provider-icons/auth_service_google.svg (compressed_size=409 bytes, uncompressed_size=720 bytes)
[debug] [2024-09-10T15:20:05.252Z] [unzip] Processing entry: client/assets/provider-icons/auth_service_google.svg
[debug] [2024-09-10T15:20:05.252Z] [unzip] else mkdir: /home/user/.cache/firebase/emulators/ui-v1.13.0/client/assets/provider-icons
[debug] [2024-09-10T15:20:05.252Z] [unzip] deflating: /home/user/.cache/firebase/emulators/ui-v1.13.0/client/assets/provider-icons/auth_service_google.svg
[debug] [2024-09-10T15:20:05.253Z] [unzip] Entry: client/assets/provider-icons/auth_service_oidc.svg (compressed_size=414 bytes, uncompressed_size=858 bytes)
[debug] [2024-09-10T15:20:05.253Z] [unzip] Processing entry: client/assets/provider-icons/auth_service_oidc.svg
[debug] [2024-09-10T15:20:05.253Z] [unzip] else mkdir: /home/user/.cache/firebase/emulators/ui-v1.13.0/client/assets/provider-icons
[debug] [2024-09-10T15:20:05.253Z] [unzip] deflating: /home/user/.cache/firebase/emulators/ui-v1.13.0/client/assets/provider-icons/auth_service_oidc.svg
[debug] [2024-09-10T15:20:05.253Z] [unzip] Entry: client/browserconfig.xml (compressed_size=491 bytes, uncompressed_size=822 bytes)
[debug] [2024-09-10T15:20:05.253Z] [unzip] Processing entry: client/browserconfig.xml
[debug] [2024-09-10T15:20:05.253Z] [unzip] else mkdir: /home/user/.cache/firebase/emulators/ui-v1.13.0/client
[debug] [2024-09-10T15:20:05.254Z] [unzip] deflating: /home/user/.cache/firebase/emulators/ui-v1.13.0/client/browserconfig.xml
[debug] [2024-09-10T15:20:05.254Z] [unzip] Entry: client/favicon-32x32.png (compressed_size=475 bytes, uncompressed_size=475 bytes)
[debug] [2024-09-10T15:20:05.254Z] [unzip] Processing entry: client/favicon-32x32.png
[debug] [2024-09-10T15:20:05.254Z] [unzip] else mkdir: /home/user/.cache/firebase/emulators/ui-v1.13.0/client
[debug] [2024-09-10T15:20:05.254Z] [unzip] Writing file: /home/user/.cache/firebase/emulators/ui-v1.13.0/client/favicon-32x32.png
[debug] [2024-09-10T15:20:05.255Z] [unzip] Entry: server/ (compressed_size=0 bytes, uncompressed_size=0 bytes)
[debug] [2024-09-10T15:20:05.255Z] [unzip] Processing entry: server/
[debug] [2024-09-10T15:20:05.255Z] [unzip] mkdir: /home/user/.cache/firebase/emulators/ui-v1.13.0/server/
[debug] [2024-09-10T15:20:05.255Z] [unzip] Entry: server/server.mjs.map (compressed_size=294629 bytes, uncompressed_size=1346672 bytes)
[debug] [2024-09-10T15:20:05.255Z] [unzip] Processing entry: server/server.mjs.map
[debug] [2024-09-10T15:20:05.255Z] [unzip] else mkdir: /home/user/.cache/firebase/emulators/ui-v1.13.0/server
[debug] [2024-09-10T15:20:05.255Z] [unzip] deflating: /home/user/.cache/firebase/emulators/ui-v1.13.0/server/server.mjs.map
[debug] [2024-09-10T15:20:05.262Z] [unzip] Entry: server/server.mjs (compressed_size=314679 bytes, uncompressed_size=1167517 bytes)
[debug] [2024-09-10T15:20:05.262Z] [unzip] Processing entry: server/server.mjs
[debug] [2024-09-10T15:20:05.263Z] [unzip] else mkdir: /home/user/.cache/firebase/emulators/ui-v1.13.0/server
[debug] [2024-09-10T15:20:05.263Z] [unzip] deflating: /home/user/.cache/firebase/emulators/ui-v1.13.0/server/server.mjs
[debug] [2024-09-10T15:20:05.268Z] [unzip] Entry: server/assets/ (compressed_size=0 bytes, uncompressed_size=0 bytes)
[debug] [2024-09-10T15:20:05.269Z] [unzip] Processing entry: server/assets/
[debug] [2024-09-10T15:20:05.269Z] [unzip] mkdir: /home/user/.cache/firebase/emulators/ui-v1.13.0/server/assets/
[debug] [2024-09-10T15:20:05.269Z] [unzip] Entry: server/assets/multipart-parser-DGCUZdXu.mjs.map (compressed_size=4791 bytes, uncompressed_size=17918 bytes)
[debug] [2024-09-10T15:20:05.269Z] [unzip] Processing entry: server/assets/multipart-parser-DGCUZdXu.mjs.map
[debug] [2024-09-10T15:20:05.269Z] [unzip] else mkdir: /home/user/.cache/firebase/emulators/ui-v1.13.0/server/assets
[debug] [2024-09-10T15:20:05.269Z] [unzip] deflating: /home/user/.cache/firebase/emulators/ui-v1.13.0/server/assets/multipart-parser-DGCUZdXu.mjs.map
[debug] [2024-09-10T15:20:05.270Z] [unzip] Entry: server/assets/multipart-parser-DGCUZdXu.mjs (compressed_size=2621 bytes, uncompressed_size=10390 bytes)
[debug] [2024-09-10T15:20:05.270Z] [unzip] Processing entry: server/assets/multipart-parser-DGCUZdXu.mjs
[debug] [2024-09-10T15:20:05.270Z] [unzip] else mkdir: /home/user/.cache/firebase/emulators/ui-v1.13.0/server/assets
[debug] [2024-09-10T15:20:05.270Z] [unzip] deflating: /home/user/.cache/firebase/emulators/ui-v1.13.0/server/assets/multipart-parser-DGCUZdXu.mjs
[debug] [2024-09-10T15:20:05.270Z] Ignoring unsupported arg: auto_download {"metadata":{"emulator":{"name":"ui"},"message":"Ignoring unsupported arg: auto_download"}}
[debug] [2024-09-10T15:20:05.270Z] Ignoring unsupported arg: port {"metadata":{"emulator":{"name":"ui"},"message":"Ignoring unsupported arg: port"}}
[debug] [2024-09-10T15:20:05.270Z] Starting Emulator UI with command {"binary":"node","args":["/home/user/.cache/firebase/emulators/ui-v1.13.0/server/server.mjs"],"optionalArgs":[],"joinArgs":false,"shell":false} {"metadata":{"emulator":{"name":"ui"},"message":"Starting Emulator UI with command {\"binary\":\"node\",\"args\":[\"/home/user/.cache/firebase/emulators/ui-v1.13.0/server/server.mjs\"],\"optionalArgs\":[],\"joinArgs\":false,\"shell\":false}"}}
[info] i  ui: Emulator UI logging to ui-debug.log {"metadata":{"emulator":{"name":"ui"},"message":"Emulator UI logging to \u001b[1mui-debug.log\u001b[22m"}}
[debug] [2024-09-10T15:20:05.364Z] Web / API server started at 127.0.0.1:4000
 {"metadata":{"emulator":{"name":"ui"},"message":"Web / API server started at 127.0.0.1:4000\n"}}
[debug] [2024-09-10T15:20:05.364Z] Web / API server started at ::1:4000
 {"metadata":{"emulator":{"name":"ui"},"message":"Web / API server started at ::1:4000\n"}}
[info] 
┌─────────────────────────────────────────────────────────────┐
│ ✔  All emulators ready! It is now safe to connect your app. │
│ i  View Emulator UI at http://127.0.0.1:4000/               │
└─────────────────────────────────────────────────────────────┘

┌────────────────┬──────────────────────────────────┬─────────────────────────────────┐
│ Emulator       │ Host:Port                        │ View in Emulator UI             │
├────────────────┼──────────────────────────────────┼─────────────────────────────────┤
│ Authentication │ 127.0.0.1:9099                   │ http://127.0.0.1:4000/auth      │
├────────────────┼──────────────────────────────────┼─────────────────────────────────┤
│ Functions      │ Failed to initialize (see above) │                                 │
├────────────────┼──────────────────────────────────┼─────────────────────────────────┤
│ Firestore      │ 127.0.0.1:8080                   │ http://127.0.0.1:4000/firestore │
├────────────────┼──────────────────────────────────┼─────────────────────────────────┤
│ Database       │ 127.0.0.1:9000                   │ http://127.0.0.1:4000/database  │
├────────────────┼──────────────────────────────────┼─────────────────────────────────┤
│ Hosting        │ Failed to initialize (see above) │                                 │
├────────────────┼──────────────────────────────────┼─────────────────────────────────┤
│ Storage        │ 127.0.0.1:9199                   │ http://127.0.0.1:4000/storage   │
└────────────────┴──────────────────────────────────┴─────────────────────────────────┘
  Emulator Hub running at 127.0.0.1:4400
  Other reserved ports: 4500, 9150

Issues? Report them at https://github.com/firebase/firebase-tools/issues and attach the *-debug.log files.
 
